app/build/outputs/logs/manifest-merger-debug-report.txt
-- Merging decision tree log ---
manifest
ADDED from src/main/AndroidManifest.xml:1:1-111:12
	package
		ADDED from src/main/AndroidManifest.xml:2:5-35
		INJECTED from src/main/AndroidManifest.xml
		INJECTED from src/main/AndroidManifest.xml
	android:versionName
		ADDED from src/main/AndroidManifest.xml:5:5-32
		INJECTED from src/main/AndroidManifest.xml
		INJECTED from src/main/AndroidManifest.xml
	android:versionCode
		ADDED from src/main/AndroidManifest.xml:4:5-28
		INJECTED from src/main/AndroidManifest.xml
		INJECTED from src/main/AndroidManifest.xml
	xmlns:android
		ADDED from src/main/AndroidManifest.xml:1:11-69
	android:installLocation
		ADDED from src/main/AndroidManifest.xml:3:5-43
uses-sdk
ADDED from src/main/AndroidManifest.xml:7:5-9:41
MERGED from [com.android.support:appcompat-v7:23.1.1] AndroidManifest.xml:20:5-43
MERGED from [com.android.support:support-v4:24.1.1] AndroidManifest.xml:21:5-23:54
MERGED from [com.android.support:recyclerview-v7:24.1.1] AndroidManifest.xml:20:5-43
MERGED from [com.android.support:support-v4:24.1.1] AndroidManifest.xml:21:5-23:54
MERGED from [com.android.support:cardview-v7:24.1.1] AndroidManifest.xml:20:5-43
MERGED from [com.android.support:design:23.1.1] AndroidManifest.xml:20:5-43
MERGED from [com.android.support:appcompat-v7:23.1.1] AndroidManifest.xml:20:5-43
MERGED from [com.android.support:support-v4:24.1.1] AndroidManifest.xml:21:5-23:54
MERGED from [com.android.support:recyclerview-v7:24.1.1] AndroidManifest.xml:20:5-43
MERGED from [com.android.support:support-v4:24.1.1] AndroidManifest.xml:21:5-23:54
MERGED from [com.android.support:support-v4:24.1.1] AndroidManifest.xml:21:5-23:54
MERGED from [com.ltc.lib:AndroidLib:1.0.8] AndroidManifest.xml:7:5-9:41
MERGED from [com.android.support:support-v4:24.1.1] AndroidManifest.xml:21:5-23:54
MERGED from [org.third.widget:thirdwidget:1.2] AndroidManifest.xml:7:5-9:41
MERGED from [com.android.support:appcompat-v7:23.1.1] AndroidManifest.xml:20:5-43
MERGED from [com.android.support:support-v4:24.1.1] AndroidManifest.xml:21:5-23:54
MERGED from [com.android.support:recyclerview-v7:24.1.1] AndroidManifest.xml:20:5-43
MERGED from [com.android.support:support-v4:24.1.1] AndroidManifest.xml:21:5-23:54
MERGED from [com.android.support:cardview-v7:24.1.1] AndroidManifest.xml:20:5-43
MERGED from [com.um.update:update:1.0.3] AndroidManifest.xml:7:5-9:41
MERGED from [io.vov.vitamio:vitamio:5.0.1] AndroidManifest.xml:7:5-9:41
MERGED from [com.facebook.fresco:fresco:0.7.0] AndroidManifest.xml:5:5-7:41
MERGED from [com.facebook.fresco:imagepipeline:0.7.0] AndroidManifest.xml:5:5-7:41
MERGED from [com.facebook.fresco:fbcore:0.7.0] AndroidManifest.xml:5:5-7:41
MERGED from [com.facebook.fresco:drawee:0.7.0] AndroidManifest.xml:5:5-7:41
MERGED from [com.facebook.fresco:fbcore:0.7.0] AndroidManifest.xml:5:5-7:41
MERGED from [com.facebook.fresco:fbcore:0.7.0] AndroidManifest.xml:5:5-7:41
	tools:overrideLibrary
		ADDED from [com.android.support:support-v4:24.1.1] AndroidManifest.xml:23:9-51
	android:targetSdkVersion
		ADDED from src/main/AndroidManifest.xml:9:9-38
	android:minSdkVersion
		ADDED from src/main/AndroidManifest.xml:8:9-35
uses-permission#android.permission.WRITE_EXTERNAL_STORAGE
ADDED from src/main/AndroidManifest.xml:11:5-81
	android:name
		ADDED from src/main/AndroidManifest.xml:11:22-78
uses-permission#android.permission.ACCESS_NETWORK_STATE
ADDED from src/main/AndroidManifest.xml:12:5-79
MERGED from [com.ltc.lib:AndroidLib:1.0.8] AndroidManifest.xml:16:5-79
MERGED from [io.vov.vitamio:vitamio:5.0.1] AndroidManifest.xml:13:5-79
	android:name
		ADDED from src/main/AndroidManifest.xml:12:22-76
uses-permission#android.permission.ACCESS_WIFI_STATE
ADDED from src/main/AndroidManifest.xml:13:5-76
MERGED from [com.ltc.lib:AndroidLib:1.0.8] AndroidManifest.xml:14:5-76
	android:name
		ADDED from src/main/AndroidManifest.xml:13:22-73
uses-permission#android.permission.INTERNET
ADDED from src/main/AndroidManifest.xml:14:5-67
MERGED from [com.ltc.lib:AndroidLib:1.0.8] AndroidManifest.xml:11:5-67
MERGED from [io.vov.vitamio:vitamio:5.0.1] AndroidManifest.xml:12:5-67
	android:name
		ADDED from src/main/AndroidManifest.xml:14:22-64
uses-permission#android.permission.READ_PHONE_STATE
ADDED from src/main/AndroidManifest.xml:15:5-75
MERGED from [com.ltc.lib:AndroidLib:1.0.8] AndroidManifest.xml:18:5-75
	android:name
		ADDED from src/main/AndroidManifest.xml:15:22-72
uses-permission#android.permission.ACCESS_COARSE_LOCATION
ADDED from src/main/AndroidManifest.xml:18:5-81
MERGED from [com.ltc.lib:AndroidLib:1.0.8] AndroidManifest.xml:13:5-81
	android:name
		ADDED from src/main/AndroidManifest.xml:18:22-78
uses-permission#android.permission.ACCESS_COARSE_UPDATES
ADDED from src/main/AndroidManifest.xml:19:5-79
	android:name
		ADDED from src/main/AndroidManifest.xml:19:22-77
application
ADDED from src/main/AndroidManifest.xml:21:5-109:19
MERGED from [com.android.support:appcompat-v7:23.1.1] AndroidManifest.xml:22:5-20
MERGED from [com.android.support:support-v4:24.1.1] AndroidManifest.xml:25:5-20
MERGED from [com.android.support:support-v4:24.1.1] AndroidManifest.xml:25:5-20
MERGED from [com.android.support:cardview-v7:24.1.1] AndroidManifest.xml:22:5-20
MERGED from [com.android.support:design:23.1.1] AndroidManifest.xml:22:5-20
MERGED from [com.android.support:appcompat-v7:23.1.1] AndroidManifest.xml:22:5-20
MERGED from [com.android.support:support-v4:24.1.1] AndroidManifest.xml:25:5-20
MERGED from [com.android.support:support-v4:24.1.1] AndroidManifest.xml:25:5-20
MERGED from [com.android.support:support-v4:24.1.1] AndroidManifest.xml:25:5-20
MERGED from [com.ltc.lib:AndroidLib:1.0.8] AndroidManifest.xml:20:5-24:19
MERGED from [com.android.support:support-v4:24.1.1] AndroidManifest.xml:25:5-20
MERGED from [com.android.support:appcompat-v7:23.1.1] AndroidManifest.xml:22:5-20
MERGED from [com.android.support:support-v4:24.1.1] AndroidManifest.xml:25:5-20
MERGED from [com.android.support:support-v4:24.1.1] AndroidManifest.xml:25:5-20
MERGED from [com.android.support:cardview-v7:24.1.1] AndroidManifest.xml:22:5-20
MERGED from [com.um.update:update:1.0.3] AndroidManifest.xml:11:5-21:19
MERGED from [io.vov.vitamio:vitamio:5.0.1] AndroidManifest.xml:15:5-22:19
	android:label
		ADDED from src/main/AndroidManifest.xml:25:9-41
	android:supportsRtl
		ADDED from src/main/AndroidManifest.xml:26:9-35
	android:allowBackup
		ADDED from src/main/AndroidManifest.xml:23:9-35
	android:icon
		ADDED from src/main/AndroidManifest.xml:24:9-45
	android:theme
		ADDED from src/main/AndroidManifest.xml:27:9-40
	android:name
		ADDED from src/main/AndroidManifest.xml:22:9-40
activity#com.hero.gossipvideo.ui.SplashActivity
ADDED from src/main/AndroidManifest.xml:29:9-38:20
	android:screenOrientation
		ADDED from src/main/AndroidManifest.xml:32:13-49
	android:theme
		ADDED from src/main/AndroidManifest.xml:31:13-54
	android:name
		ADDED from src/main/AndroidManifest.xml:30:13-46
intent-filter#android.intent.action.MAIN+android.intent.category.DEFAULT+android.intent.category.LAUNCHER
ADDED from src/main/AndroidManifest.xml:33:13-37:29
action#android.intent.action.MAIN
ADDED from src/main/AndroidManifest.xml:34:17-69
	android:name
		ADDED from src/main/AndroidManifest.xml:34:25-66
category#android.intent.category.LAUNCHER
ADDED from src/main/AndroidManifest.xml:35:17-77
	android:name
		ADDED from src/main/AndroidManifest.xml:35:27-74
category#android.intent.category.DEFAULT
ADDED from src/main/AndroidManifest.xml:36:17-76
	android:name
		ADDED from src/main/AndroidManifest.xml:36:27-73
activity#com.hero.gossipvideo.ui.MainActivity
ADDED from src/main/AndroidManifest.xml:40:9-44:46
	android:screenOrientation
		ADDED from src/main/AndroidManifest.xml:42:13-49
	android:launchMode
		ADDED from src/main/AndroidManifest.xml:44:13-44
	android:configChanges
		ADDED from src/main/AndroidManifest.xml:43:13-74
	android:name
		ADDED from src/main/AndroidManifest.xml:41:13-44
activity#com.hero.gossipvideo.ui.PlayerActivity
ADDED from src/main/AndroidManifest.xml:46:9-51:46
	android:screenOrientation
		ADDED from src/main/AndroidManifest.xml:49:13-50
	android:launchMode
		ADDED from src/main/AndroidManifest.xml:51:13-44
	android:configChanges
		ADDED from src/main/AndroidManifest.xml:50:13-74
	android:theme
		ADDED from src/main/AndroidManifest.xml:48:13-54
	android:name
		ADDED from src/main/AndroidManifest.xml:47:13-46
activity#com.hero.gossipvideo.ui.WebViewActivity
ADDED from src/main/AndroidManifest.xml:53:9-56:77
	android:screenOrientation
		ADDED from src/main/AndroidManifest.xml:55:13-49
	android:configChanges
		ADDED from src/main/AndroidManifest.xml:56:13-74
	android:name
		ADDED from src/main/AndroidManifest.xml:54:13-47
activity#com.hero.gossipvideo.ui.NewsHistoryActivity
ADDED from src/main/AndroidManifest.xml:58:9-61:77
	android:screenOrientation
		ADDED from src/main/AndroidManifest.xml:60:13-49
	android:configChanges
		ADDED from src/main/AndroidManifest.xml:61:13-74
	android:name
		ADDED from src/main/AndroidManifest.xml:59:13-51
activity#com.hero.gossipvideo.ui.FavoriteNewsActivity
ADDED from src/main/AndroidManifest.xml:63:9-66:77
	android:screenOrientation
		ADDED from src/main/AndroidManifest.xml:65:13-49
	android:configChanges
		ADDED from src/main/AndroidManifest.xml:66:13-74
	android:name
		ADDED from src/main/AndroidManifest.xml:64:13-52
activity#com.hero.gossipvideo.ui.VideoHistoryActivity
ADDED from src/main/AndroidManifest.xml:68:9-71:77
	android:screenOrientation
		ADDED from src/main/AndroidManifest.xml:70:13-49
	android:configChanges
		ADDED from src/main/AndroidManifest.xml:71:13-74
	android:name
		ADDED from src/main/AndroidManifest.xml:69:13-52
activity#com.hero.gossipvideo.ui.VideoDownloadActivity
ADDED from src/main/AndroidManifest.xml:73:9-76:77
	android:screenOrientation
		ADDED from src/main/AndroidManifest.xml:75:13-49
	android:configChanges
		ADDED from src/main/AndroidManifest.xml:76:13-74
	android:name
		ADDED from src/main/AndroidManifest.xml:74:13-53
activity#com.hero.gossipvideo.ui.AboutActivity
ADDED from src/main/AndroidManifest.xml:78:9-81:77
	android:screenOrientation
		ADDED from src/main/AndroidManifest.xml:80:13-49
	android:configChanges
		ADDED from src/main/AndroidManifest.xml:81:13-74
	android:name
		ADDED from src/main/AndroidManifest.xml:79:13-45
activity#com.hero.gossipvideo.ui.NewsDetailActivity
ADDED from src/main/AndroidManifest.xml:83:9-86:77
	android:screenOrientation
		ADDED from src/main/AndroidManifest.xml:85:13-49
	android:configChanges
		ADDED from src/main/AndroidManifest.xml:86:13-74
	android:name
		ADDED from src/main/AndroidManifest.xml:84:13-50
provider#com.ltc.lib.preferences.store.KeyValueProvider
ADDED from src/main/AndroidManifest.xml:88:9-91:40
	android:authorities
		ADDED from src/main/AndroidManifest.xml:90:13-72
	android:exported
		ADDED from src/main/AndroidManifest.xml:91:13-37
	android:name
		ADDED from src/main/AndroidManifest.xml:89:13-74
meta-data#db_name
ADDED from src/main/AndroidManifest.xml:93:9-70
	android:value
		ADDED from src/main/AndroidManifest.xml:93:43-68
	android:name
		ADDED from src/main/AndroidManifest.xml:93:20-42
meta-data#db_version
ADDED from src/main/AndroidManifest.xml:94:9-65
	android:value
		ADDED from src/main/AndroidManifest.xml:94:46-63
	android:name
		ADDED from src/main/AndroidManifest.xml:94:20-45
meta-data#app_debug
ADDED from src/main/AndroidManifest.xml:95:9-67
	android:value
		ADDED from src/main/AndroidManifest.xml:95:45-65
	android:name
		ADDED from src/main/AndroidManifest.xml:95:20-44
meta-data#app_tag
ADDED from src/main/AndroidManifest.xml:96:9-72
	android:value
		ADDED from src/main/AndroidManifest.xml:96:43-70
	android:name
		ADDED from src/main/AndroidManifest.xml:96:20-42
meta-data#UMENG_APPKEY
ADDED from src/main/AndroidManifest.xml:98:9-90
	android:value
		ADDED from src/main/AndroidManifest.xml:98:20-60
	android:name
		ADDED from src/main/AndroidManifest.xml:98:61-88
meta-data#UMENG_CHANNEL
ADDED from src/main/AndroidManifest.xml:99:9-70
	android:value
		ADDED from src/main/AndroidManifest.xml:99:20-39
	android:name
		ADDED from src/main/AndroidManifest.xml:99:40-68
service#com.qq.e.comm.DownloadService
ADDED from src/main/AndroidManifest.xml:102:9-104:40
	android:exported
		ADDED from src/main/AndroidManifest.xml:104:13-37
	android:name
		ADDED from src/main/AndroidManifest.xml:103:13-57
activity#com.qq.e.ads.ADActivity
ADDED from src/main/AndroidManifest.xml:105:9-107:86
	android:configChanges
		ADDED from src/main/AndroidManifest.xml:107:13-83
	android:name
		ADDED from src/main/AndroidManifest.xml:106:13-51
uses-permission#android.permission.ACCESS_FINE_LOCATION
ADDED from [com.ltc.lib:AndroidLib:1.0.8] AndroidManifest.xml:12:5-79
	android:name
		ADDED from [com.ltc.lib:AndroidLib:1.0.8] AndroidManifest.xml:12:22-76
uses-permission#android.permission.CHANGE_WIFI_STATE
ADDED from [com.ltc.lib:AndroidLib:1.0.8] AndroidManifest.xml:15:5-76
	android:name
		ADDED from [com.ltc.lib:AndroidLib:1.0.8] AndroidManifest.xml:15:22-73
uses-permission#android.permission.CHANGE_NETWORK_STATE
ADDED from [com.ltc.lib:AndroidLib:1.0.8] AndroidManifest.xml:17:5-79
	android:name
		ADDED from [com.ltc.lib:AndroidLib:1.0.8] AndroidManifest.xml:17:22-76
meta-data#TencentMapSDK
ADDED from [com.ltc.lib:AndroidLib:1.0.8] AndroidManifest.xml:21:9-23:67
	android:value
		ADDED from [com.ltc.lib:AndroidLib:1.0.8] AndroidManifest.xml:23:13-64
	android:name
		ADDED from [com.ltc.lib:AndroidLib:1.0.8] AndroidManifest.xml:22:13-41
service#com.umeng.update.net.DownloadingService
ADDED from [com.um.update:update:1.0.3] AndroidManifest.xml:12:9-15:19
	android:process
		ADDED from [com.um.update:update:1.0.3] AndroidManifest.xml:14:13-50
	android:name
		ADDED from [com.um.update:update:1.0.3] AndroidManifest.xml:13:13-67
activity#com.umeng.update.UpdateDialogActivity
ADDED from [com.um.update:update:1.0.3] AndroidManifest.xml:17:9-20:20
	android:theme
		ADDED from [com.um.update:update:1.0.3] AndroidManifest.xml:19:13-72
	android:name
		ADDED from [com.um.update:update:1.0.3] AndroidManifest.xml:18:13-65
uses-permission#android.permission.WAKE_LOCK
ADDED from [io.vov.vitamio:vitamio:5.0.1] AndroidManifest.xml:11:5-68
	android:name
		ADDED from [io.vov.vitamio:vitamio:5.0.1] AndroidManifest.xml:11:22-65
activity#io.vov.vitamio.activity.InitActivity
ADDED from [io.vov.vitamio:vitamio:5.0.1] AndroidManifest.xml:16:9-21:63
	android:launchMode
		ADDED from [io.vov.vitamio:vitamio:5.0.1] AndroidManifest.xml:19:13-43
	android:windowSoftInputMode
		ADDED from [io.vov.vitamio:vitamio:5.0.1] AndroidManifest.xml:21:13-60
	android:configChanges
		ADDED from [io.vov.vitamio:vitamio:5.0.1] AndroidManifest.xml:18:13-113
	android:theme
		ADDED from [io.vov.vitamio:vitamio:5.0.1] AndroidManifest.xml:20:13-60
	android:name
		ADDED from [io.vov.vitamio:vitamio:5.0.1] AndroidManifest.xml:17:13-64